<?xml version="1.0" encoding="UTF-8"?>
<coverage generated="1699619924596" clover="3.2.0">
  <project timestamp="1699619924596" name="All files">
    <metrics statements="73" coveredstatements="71" conditionals="36" coveredconditionals="31" methods="27" coveredmethods="27" elements="136" coveredelements="129" complexity="0" loc="73" ncloc="73" packages="2" files="6" classes="6"/>
    <package name="src">
      <metrics statements="22" coveredstatements="22" conditionals="15" coveredconditionals="14" methods="7" coveredmethods="7"/>
      <file name="buildAST.js" path="/home/user/vscode/hexlet-project2/frontend-project-46/src/buildAST.js">
        <metrics statements="18" coveredstatements="18" conditionals="10" coveredconditionals="10" methods="4" coveredmethods="4"/>
        <line num="4" count="1" type="stmt"/>
        <line num="5" count="40" type="stmt"/>
        <line num="6" count="40" type="stmt"/>
        <line num="9" count="1" type="stmt"/>
        <line num="10" count="40" type="stmt"/>
        <line num="11" count="40" type="stmt"/>
        <line num="13" count="40" type="stmt"/>
        <line num="14" count="144" type="cond" truecount="4" falsecount="0"/>
        <line num="15" count="32" type="stmt"/>
        <line num="22" count="112" type="cond" truecount="2" falsecount="0"/>
        <line num="23" count="40" type="stmt"/>
        <line num="30" count="72" type="cond" truecount="2" falsecount="0"/>
        <line num="31" count="16" type="stmt"/>
        <line num="38" count="56" type="cond" truecount="2" falsecount="0"/>
        <line num="39" count="32" type="stmt"/>
        <line num="47" count="24" type="stmt"/>
        <line num="54" count="40" type="stmt"/>
        <line num="57" count="8" type="stmt"/>
      </file>
      <file name="index.js" path="/home/user/vscode/hexlet-project2/frontend-project-46/src/index.js">
        <metrics statements="3" coveredstatements="3" conditionals="3" coveredconditionals="2" methods="2" coveredmethods="2"/>
        <line num="10" count="16" type="stmt"/>
        <line num="13" count="8" type="stmt"/>
        <line num="18" count="8" type="cond" truecount="2" falsecount="0"/>
      </file>
      <file name="parser.js" path="/home/user/vscode/hexlet-project2/frontend-project-46/src/parser.js">
        <metrics statements="1" coveredstatements="1" conditionals="2" coveredconditionals="2" methods="1" coveredmethods="1"/>
        <line num="5" count="16" type="cond" truecount="2" falsecount="0"/>
      </file>
    </package>
    <package name="src.formatters">
      <metrics statements="51" coveredstatements="49" conditionals="21" coveredconditionals="17" methods="20" coveredmethods="20"/>
      <file name="index.js" path="/home/user/vscode/hexlet-project2/frontend-project-46/src/formatters/index.js">
        <metrics statements="2" coveredstatements="2" conditionals="0" coveredconditionals="0" methods="1" coveredmethods="1"/>
        <line num="5" count="1" type="stmt"/>
        <line num="11" count="8" type="stmt"/>
      </file>
      <file name="plain.js" path="/home/user/vscode/hexlet-project2/frontend-project-46/src/formatters/plain.js">
        <metrics statements="23" coveredstatements="22" conditionals="11" coveredconditionals="10" methods="10" coveredmethods="10"/>
        <line num="4" count="10" type="stmt"/>
        <line num="6" count="4" type="stmt"/>
        <line num="8" count="8" type="stmt"/>
        <line num="10" count="1" type="stmt"/>
        <line num="11" count="26" type="cond" truecount="2" falsecount="0"/>
        <line num="12" count="6" type="stmt"/>
        <line num="15" count="20" type="cond" truecount="2" falsecount="0"/>
        <line num="18" count="1" type="cond" truecount="1" falsecount="0"/>
        <line num="19" count="36" type="stmt"/>
        <line num="21" count="36" type="cond" truecount="5" falsecount="1"/>
        <line num="23" count="10" type="stmt"/>
        <line num="26" count="4" type="stmt"/>
        <line num="29" count="6" type="stmt"/>
        <line num="32" count="8" type="stmt"/>
        <line num="33" count="8" type="stmt"/>
        <line num="34" count="8" type="stmt"/>
        <line num="38" count="8" type="stmt"/>
        <line num="39" count="28" type="stmt"/>
        <line num="40" count="28" type="stmt"/>
        <line num="44" count="0" type="stmt"/>
        <line num="49" count="8" type="stmt"/>
        <line num="50" count="8" type="stmt"/>
        <line num="51" count="2" type="stmt"/>
      </file>
      <file name="stylish.js" path="/home/user/vscode/hexlet-project2/frontend-project-46/src/formatters/stylish.js">
        <metrics statements="26" coveredstatements="25" conditionals="10" coveredconditionals="7" methods="9" coveredmethods="9"/>
        <line num="4" count="1" type="stmt"/>
        <line num="11" count="1" type="stmt"/>
        <line num="12" count="1" type="stmt"/>
        <line num="13" count="1" type="stmt"/>
        <line num="15" count="168" type="stmt"/>
        <line num="17" count="1" type="cond" truecount="0" falsecount="1"/>
        <line num="18" count="108" type="cond" truecount="2" falsecount="0"/>
        <line num="19" count="80" type="stmt"/>
        <line num="22" count="28" type="stmt"/>
        <line num="23" count="36" type="stmt"/>
        <line num="25" count="28" type="stmt"/>
        <line num="28" count="16" type="stmt"/>
        <line num="32" count="16" type="stmt"/>
        <line num="34" count="1" type="cond" truecount="0" falsecount="1"/>
        <line num="35" count="72" type="stmt"/>
        <line num="37" count="72" type="cond" truecount="5" falsecount="1"/>
        <line num="39" count="16" type="stmt"/>
        <line num="40" count="56" type="stmt"/>
        <line num="41" count="16" type="stmt"/>
        <line num="45" count="16" type="stmt"/>
        <line num="46" count="16" type="stmt"/>
        <line num="47" count="16" type="stmt"/>
        <line num="53" count="40" type="stmt"/>
        <line num="56" count="0" type="stmt"/>
        <line num="60" count="16" type="stmt"/>
        <line num="61" count="4" type="stmt"/>
      </file>
    </package>
  </project>
</coverage>
