{"/home/user/vscode/hexlet-project2/frontend-project-46/src/buildAST.js": {"path":"/home/user/vscode/hexlet-project2/frontend-project-46/src/buildAST.js","all":false,"statementMap":{"0":{"start":{"line":1,"column":0},"end":{"line":1,"column":0}},"1":{"start":{"line":2,"column":0},"end":{"line":2,"column":22}},"2":{"start":{"line":3,"column":0},"end":{"line":3,"column":0}},"3":{"start":{"line":4,"column":0},"end":{"line":4,"column":44}},"4":{"start":{"line":5,"column":0},"end":{"line":5,"column":61}},"5":{"start":{"line":6,"column":0},"end":{"line":6,"column":21}},"6":{"start":{"line":7,"column":0},"end":{"line":7,"column":1}},"7":{"start":{"line":8,"column":0},"end":{"line":8,"column":0}},"8":{"start":{"line":9,"column":0},"end":{"line":9,"column":36}},"9":{"start":{"line":10,"column":0},"end":{"line":10,"column":48}},"10":{"start":{"line":11,"column":0},"end":{"line":11,"column":38}},"11":{"start":{"line":12,"column":0},"end":{"line":12,"column":4}},"12":{"start":{"line":13,"column":0},"end":{"line":13,"column":45}},"13":{"start":{"line":14,"column":0},"end":{"line":14,"column":59}},"14":{"start":{"line":15,"column":0},"end":{"line":15,"column":14}},"15":{"start":{"line":16,"column":0},"end":{"line":16,"column":23}},"16":{"start":{"line":17,"column":0},"end":{"line":17,"column":12}},"17":{"start":{"line":18,"column":0},"end":{"line":18,"column":50}},"18":{"start":{"line":19,"column":0},"end":{"line":19,"column":7}},"19":{"start":{"line":20,"column":0},"end":{"line":20,"column":5}},"20":{"start":{"line":21,"column":0},"end":{"line":21,"column":4}},"21":{"start":{"line":22,"column":0},"end":{"line":22,"column":29}},"22":{"start":{"line":23,"column":0},"end":{"line":23,"column":14}},"23":{"start":{"line":24,"column":0},"end":{"line":24,"column":22}},"24":{"start":{"line":25,"column":0},"end":{"line":25,"column":12}},"25":{"start":{"line":26,"column":0},"end":{"line":26,"column":25}},"26":{"start":{"line":27,"column":0},"end":{"line":27,"column":7}},"27":{"start":{"line":28,"column":0},"end":{"line":28,"column":5}},"28":{"start":{"line":29,"column":0},"end":{"line":29,"column":0}},"29":{"start":{"line":30,"column":0},"end":{"line":30,"column":29}},"30":{"start":{"line":31,"column":0},"end":{"line":31,"column":14}},"31":{"start":{"line":32,"column":0},"end":{"line":32,"column":24}},"32":{"start":{"line":33,"column":0},"end":{"line":33,"column":12}},"33":{"start":{"line":34,"column":0},"end":{"line":34,"column":25}},"34":{"start":{"line":35,"column":0},"end":{"line":35,"column":7}},"35":{"start":{"line":36,"column":0},"end":{"line":36,"column":5}},"36":{"start":{"line":37,"column":0},"end":{"line":37,"column":0}},"37":{"start":{"line":38,"column":0},"end":{"line":38,"column":36}},"38":{"start":{"line":39,"column":0},"end":{"line":39,"column":14}},"39":{"start":{"line":40,"column":0},"end":{"line":40,"column":24}},"40":{"start":{"line":41,"column":0},"end":{"line":41,"column":12}},"41":{"start":{"line":42,"column":0},"end":{"line":42,"column":32}},"42":{"start":{"line":43,"column":0},"end":{"line":43,"column":30}},"43":{"start":{"line":44,"column":0},"end":{"line":44,"column":7}},"44":{"start":{"line":45,"column":0},"end":{"line":45,"column":5}},"45":{"start":{"line":46,"column":0},"end":{"line":46,"column":0}},"46":{"start":{"line":47,"column":0},"end":{"line":47,"column":12}},"47":{"start":{"line":48,"column":0},"end":{"line":48,"column":10}},"48":{"start":{"line":49,"column":0},"end":{"line":49,"column":24}},"49":{"start":{"line":50,"column":0},"end":{"line":50,"column":23}},"50":{"start":{"line":51,"column":0},"end":{"line":51,"column":5}},"51":{"start":{"line":52,"column":0},"end":{"line":52,"column":4}},"52":{"start":{"line":53,"column":0},"end":{"line":53,"column":0}},"53":{"start":{"line":54,"column":0},"end":{"line":54,"column":15}},"54":{"start":{"line":55,"column":0},"end":{"line":55,"column":1}},"55":{"start":{"line":56,"column":0},"end":{"line":56,"column":0}},"56":{"start":{"line":57,"column":0},"end":{"line":57,"column":55}}},"s":{"0":1,"1":1,"2":1,"3":1,"4":40,"5":40,"6":40,"7":1,"8":1,"9":40,"10":40,"11":40,"12":40,"13":144,"14":32,"15":32,"16":32,"17":32,"18":32,"19":32,"20":112,"21":144,"22":40,"23":40,"24":40,"25":40,"26":40,"27":40,"28":72,"29":144,"30":16,"31":16,"32":16,"33":16,"34":16,"35":16,"36":56,"37":144,"38":32,"39":32,"40":32,"41":32,"42":32,"43":32,"44":32,"45":24,"46":24,"47":24,"48":24,"49":24,"50":24,"51":40,"52":40,"53":40,"54":40,"55":1,"56":1},"branchMap":{"0":{"type":"branch","line":4,"loc":{"start":{"line":4,"column":25},"end":{"line":7,"column":1}},"locations":[{"start":{"line":4,"column":25},"end":{"line":7,"column":1}}]},"1":{"type":"branch","line":9,"loc":{"start":{"line":9,"column":17},"end":{"line":55,"column":1}},"locations":[{"start":{"line":9,"column":17},"end":{"line":55,"column":1}}]},"2":{"type":"branch","line":13,"loc":{"start":{"line":13,"column":36},"end":{"line":52,"column":3}},"locations":[{"start":{"line":13,"column":36},"end":{"line":52,"column":3}}]},"3":{"type":"branch","line":14,"loc":{"start":{"line":14,"column":30},"end":{"line":14,"column":56}},"locations":[{"start":{"line":14,"column":30},"end":{"line":14,"column":56}}]},"4":{"type":"branch","line":14,"loc":{"start":{"line":14,"column":58},"end":{"line":20,"column":5}},"locations":[{"start":{"line":14,"column":58},"end":{"line":20,"column":5}}]},"5":{"type":"branch","line":20,"loc":{"start":{"line":20,"column":4},"end":{"line":22,"column":28}},"locations":[{"start":{"line":20,"column":4},"end":{"line":22,"column":28}}]},"6":{"type":"branch","line":22,"loc":{"start":{"line":22,"column":28},"end":{"line":28,"column":5}},"locations":[{"start":{"line":22,"column":28},"end":{"line":28,"column":5}}]},"7":{"type":"branch","line":28,"loc":{"start":{"line":28,"column":4},"end":{"line":30,"column":28}},"locations":[{"start":{"line":28,"column":4},"end":{"line":30,"column":28}}]},"8":{"type":"branch","line":30,"loc":{"start":{"line":30,"column":28},"end":{"line":36,"column":5}},"locations":[{"start":{"line":30,"column":28},"end":{"line":36,"column":5}}]},"9":{"type":"branch","line":36,"loc":{"start":{"line":36,"column":4},"end":{"line":38,"column":35}},"locations":[{"start":{"line":36,"column":4},"end":{"line":38,"column":35}}]},"10":{"type":"branch","line":38,"loc":{"start":{"line":38,"column":35},"end":{"line":45,"column":5}},"locations":[{"start":{"line":38,"column":35},"end":{"line":45,"column":5}}]},"11":{"type":"branch","line":45,"loc":{"start":{"line":45,"column":4},"end":{"line":52,"column":3}},"locations":[{"start":{"line":45,"column":4},"end":{"line":52,"column":3}}]},"12":{"type":"branch","line":57,"loc":{"start":{"line":57,"column":15},"end":{"line":57,"column":55}},"locations":[{"start":{"line":57,"column":15},"end":{"line":57,"column":55}}]}},"b":{"0":[40],"1":[40],"2":[144],"3":[48],"4":[32],"5":[112],"6":[40],"7":[72],"8":[16],"9":[56],"10":[32],"11":[24],"12":[8]},"fnMap":{"0":{"name":"createUniqueKeys","decl":{"start":{"line":4,"column":25},"end":{"line":7,"column":1}},"loc":{"start":{"line":4,"column":25},"end":{"line":7,"column":1}},"line":4},"1":{"name":"buildAST","decl":{"start":{"line":9,"column":17},"end":{"line":55,"column":1}},"loc":{"start":{"line":9,"column":17},"end":{"line":55,"column":1}},"line":9},"2":{"name":"default","decl":{"start":{"line":57,"column":15},"end":{"line":57,"column":55}},"loc":{"start":{"line":57,"column":15},"end":{"line":57,"column":55}},"line":57}},"f":{"0":40,"1":40,"2":8}}
,"/home/user/vscode/hexlet-project2/frontend-project-46/src/index.js": {"path":"/home/user/vscode/hexlet-project2/frontend-project-46/src/index.js","all":false,"statementMap":{"0":{"start":{"line":1,"column":0},"end":{"line":1,"column":0}},"1":{"start":{"line":2,"column":0},"end":{"line":2,"column":23}},"2":{"start":{"line":3,"column":0},"end":{"line":3,"column":29}},"3":{"start":{"line":4,"column":0},"end":{"line":4,"column":33}},"4":{"start":{"line":5,"column":0},"end":{"line":5,"column":0}},"5":{"start":{"line":6,"column":0},"end":{"line":6,"column":32}},"6":{"start":{"line":7,"column":0},"end":{"line":7,"column":45}},"7":{"start":{"line":8,"column":0},"end":{"line":8,"column":42}},"8":{"start":{"line":9,"column":0},"end":{"line":9,"column":0}},"9":{"start":{"line":10,"column":0},"end":{"line":10,"column":84}},"10":{"start":{"line":11,"column":0},"end":{"line":11,"column":0}},"11":{"start":{"line":12,"column":0},"end":{"line":12,"column":61}},"12":{"start":{"line":13,"column":0},"end":{"line":13,"column":33}},"13":{"start":{"line":14,"column":0},"end":{"line":14,"column":67}},"14":{"start":{"line":15,"column":0},"end":{"line":15,"column":66}},"15":{"start":{"line":16,"column":0},"end":{"line":16,"column":3}},"16":{"start":{"line":17,"column":0},"end":{"line":17,"column":0}},"17":{"start":{"line":18,"column":0},"end":{"line":18,"column":46}},"18":{"start":{"line":19,"column":0},"end":{"line":19,"column":1}}},"s":{"0":1,"1":1,"2":1,"3":1,"4":1,"5":1,"6":1,"7":1,"8":1,"9":1,"10":1,"11":1,"12":8,"13":8,"14":8,"15":8,"16":8,"17":8,"18":8},"branchMap":{"0":{"type":"branch","line":10,"loc":{"start":{"line":10,"column":19},"end":{"line":10,"column":84}},"locations":[{"start":{"line":10,"column":19},"end":{"line":10,"column":84}}]},"1":{"type":"branch","line":12,"loc":{"start":{"line":12,"column":15},"end":{"line":19,"column":1}},"locations":[{"start":{"line":12,"column":15},"end":{"line":19,"column":1}}]},"2":{"type":"branch","line":18,"loc":{"start":{"line":18,"column":32},"end":{"line":18,"column":45}},"locations":[{"start":{"line":18,"column":32},"end":{"line":18,"column":45}}]}},"b":{"0":[16],"1":[8],"2":[2]},"fnMap":{"0":{"name":"getFormat","decl":{"start":{"line":10,"column":19},"end":{"line":10,"column":84}},"loc":{"start":{"line":10,"column":19},"end":{"line":10,"column":84}},"line":10},"1":{"name":"default","decl":{"start":{"line":12,"column":15},"end":{"line":19,"column":1}},"loc":{"start":{"line":12,"column":15},"end":{"line":19,"column":1}},"line":12}},"f":{"0":16,"1":8}}
,"/home/user/vscode/hexlet-project2/frontend-project-46/src/parser.js": {"path":"/home/user/vscode/hexlet-project2/frontend-project-46/src/parser.js","all":false,"statementMap":{"0":{"start":{"line":1,"column":0},"end":{"line":1,"column":0}},"1":{"start":{"line":2,"column":0},"end":{"line":2,"column":27}},"2":{"start":{"line":3,"column":0},"end":{"line":3,"column":0}},"3":{"start":{"line":4,"column":0},"end":{"line":4,"column":87}}},"s":{"0":1,"1":1,"2":1,"3":1},"branchMap":{"0":{"type":"branch","line":4,"loc":{"start":{"line":4,"column":15},"end":{"line":4,"column":87}},"locations":[{"start":{"line":4,"column":15},"end":{"line":4,"column":87}}]},"1":{"type":"branch","line":4,"loc":{"start":{"line":4,"column":50},"end":{"line":4,"column":69}},"locations":[{"start":{"line":4,"column":50},"end":{"line":4,"column":69}}]},"2":{"type":"branch","line":4,"loc":{"start":{"line":4,"column":69},"end":{"line":4,"column":87}},"locations":[{"start":{"line":4,"column":69},"end":{"line":4,"column":87}}]}},"b":{"0":[16],"1":[8],"2":[8]},"fnMap":{"0":{"name":"default","decl":{"start":{"line":4,"column":15},"end":{"line":4,"column":87}},"loc":{"start":{"line":4,"column":15},"end":{"line":4,"column":87}},"line":4}},"f":{"0":16}}
,"/home/user/vscode/hexlet-project2/frontend-project-46/src/formatters/index.js": {"path":"/home/user/vscode/hexlet-project2/frontend-project-46/src/formatters/index.js","all":false,"statementMap":{"0":{"start":{"line":1,"column":0},"end":{"line":1,"column":0}},"1":{"start":{"line":2,"column":0},"end":{"line":2,"column":34}},"2":{"start":{"line":3,"column":0},"end":{"line":3,"column":30}},"3":{"start":{"line":4,"column":0},"end":{"line":4,"column":0}},"4":{"start":{"line":5,"column":0},"end":{"line":5,"column":17}},"5":{"start":{"line":6,"column":0},"end":{"line":6,"column":23}},"6":{"start":{"line":7,"column":0},"end":{"line":7,"column":19}},"7":{"start":{"line":8,"column":0},"end":{"line":8,"column":26}},"8":{"start":{"line":9,"column":0},"end":{"line":9,"column":1}},"9":{"start":{"line":10,"column":0},"end":{"line":10,"column":0}},"10":{"start":{"line":11,"column":0},"end":{"line":11,"column":34}},"11":{"start":{"line":12,"column":0},"end":{"line":12,"column":32}},"12":{"start":{"line":13,"column":0},"end":{"line":13,"column":1}}},"s":{"0":1,"1":1,"2":1,"3":1,"4":1,"5":1,"6":1,"7":1,"8":1,"9":1,"10":1,"11":8,"12":8},"branchMap":{"0":{"type":"branch","line":11,"loc":{"start":{"line":11,"column":15},"end":{"line":13,"column":1}},"locations":[{"start":{"line":11,"column":15},"end":{"line":13,"column":1}}]}},"b":{"0":[8]},"fnMap":{"0":{"name":"default","decl":{"start":{"line":11,"column":15},"end":{"line":13,"column":1}},"loc":{"start":{"line":11,"column":15},"end":{"line":13,"column":1}},"line":11}},"f":{"0":8}}
,"/home/user/vscode/hexlet-project2/frontend-project-46/src/formatters/plain.js": {"path":"/home/user/vscode/hexlet-project2/frontend-project-46/src/formatters/plain.js","all":false,"statementMap":{"0":{"start":{"line":1,"column":0},"end":{"line":1,"column":0}},"1":{"start":{"line":2,"column":0},"end":{"line":2,"column":22}},"2":{"start":{"line":3,"column":0},"end":{"line":3,"column":0}},"3":{"start":{"line":4,"column":0},"end":{"line":4,"column":52}},"4":{"start":{"line":5,"column":0},"end":{"line":5,"column":62}},"5":{"start":{"line":6,"column":0},"end":{"line":6,"column":1}},"6":{"start":{"line":7,"column":0},"end":{"line":7,"column":0}},"7":{"start":{"line":8,"column":0},"end":{"line":8,"column":47}},"8":{"start":{"line":9,"column":0},"end":{"line":9,"column":43}},"9":{"start":{"line":10,"column":0},"end":{"line":10,"column":1}},"10":{"start":{"line":11,"column":0},"end":{"line":11,"column":0}},"11":{"start":{"line":12,"column":0},"end":{"line":12,"column":72}},"12":{"start":{"line":13,"column":0},"end":{"line":13,"column":81}},"13":{"start":{"line":14,"column":0},"end":{"line":14,"column":1}},"14":{"start":{"line":15,"column":0},"end":{"line":15,"column":0}},"15":{"start":{"line":16,"column":0},"end":{"line":16,"column":30}},"16":{"start":{"line":17,"column":0},"end":{"line":17,"column":28}},"17":{"start":{"line":18,"column":0},"end":{"line":18,"column":32}},"18":{"start":{"line":19,"column":0},"end":{"line":19,"column":5}},"19":{"start":{"line":20,"column":0},"end":{"line":20,"column":0}},"20":{"start":{"line":21,"column":0},"end":{"line":21,"column":51}},"21":{"start":{"line":22,"column":0},"end":{"line":22,"column":1}},"22":{"start":{"line":23,"column":0},"end":{"line":23,"column":0}},"23":{"start":{"line":24,"column":0},"end":{"line":24,"column":50}},"24":{"start":{"line":25,"column":0},"end":{"line":25,"column":39}},"25":{"start":{"line":26,"column":0},"end":{"line":26,"column":0}},"26":{"start":{"line":27,"column":0},"end":{"line":27,"column":23}},"27":{"start":{"line":28,"column":0},"end":{"line":28,"column":22}},"28":{"start":{"line":29,"column":0},"end":{"line":29,"column":52}},"29":{"start":{"line":30,"column":0},"end":{"line":30,"column":57}},"30":{"start":{"line":31,"column":0},"end":{"line":31,"column":0}},"31":{"start":{"line":32,"column":0},"end":{"line":32,"column":24}},"32":{"start":{"line":33,"column":0},"end":{"line":33,"column":52}},"33":{"start":{"line":34,"column":0},"end":{"line":34,"column":0}},"34":{"start":{"line":35,"column":0},"end":{"line":35,"column":26}},"35":{"start":{"line":36,"column":0},"end":{"line":36,"column":23}},"36":{"start":{"line":37,"column":0},"end":{"line":37,"column":0}},"37":{"start":{"line":38,"column":0},"end":{"line":38,"column":24}},"38":{"start":{"line":39,"column":0},"end":{"line":39,"column":59}},"39":{"start":{"line":40,"column":0},"end":{"line":40,"column":58}},"40":{"start":{"line":41,"column":0},"end":{"line":41,"column":68}},"41":{"start":{"line":42,"column":0},"end":{"line":42,"column":0}},"42":{"start":{"line":43,"column":0},"end":{"line":43,"column":23}},"43":{"start":{"line":44,"column":0},"end":{"line":44,"column":43}},"44":{"start":{"line":45,"column":0},"end":{"line":45,"column":87}},"45":{"start":{"line":46,"column":0},"end":{"line":46,"column":66}},"46":{"start":{"line":47,"column":0},"end":{"line":47,"column":0}},"47":{"start":{"line":48,"column":0},"end":{"line":48,"column":17}},"48":{"start":{"line":49,"column":0},"end":{"line":49,"column":57}},"49":{"start":{"line":50,"column":0},"end":{"line":50,"column":5}},"50":{"start":{"line":51,"column":0},"end":{"line":51,"column":1}},"51":{"start":{"line":52,"column":0},"end":{"line":52,"column":0}},"52":{"start":{"line":53,"column":0},"end":{"line":53,"column":26}},"53":{"start":{"line":54,"column":0},"end":{"line":54,"column":62}},"54":{"start":{"line":55,"column":0},"end":{"line":55,"column":71}},"55":{"start":{"line":56,"column":0},"end":{"line":56,"column":36}},"56":{"start":{"line":57,"column":0},"end":{"line":57,"column":1}}},"s":{"0":1,"1":1,"2":1,"3":1,"4":10,"5":10,"6":1,"7":1,"8":4,"9":4,"10":1,"11":1,"12":8,"13":8,"14":1,"15":1,"16":26,"17":6,"18":6,"19":20,"20":26,"21":26,"22":1,"23":1,"24":36,"25":36,"26":36,"27":36,"28":10,"29":10,"30":36,"31":36,"32":4,"33":36,"34":36,"35":6,"36":36,"37":36,"38":8,"39":8,"40":8,"41":36,"42":36,"43":8,"44":8,"45":8,"46":36,"47":36,"48":0,"49":36,"50":0,"51":1,"52":1,"53":2,"54":2,"55":2,"56":2},"branchMap":{"0":{"type":"branch","line":4,"loc":{"start":{"line":4,"column":34},"end":{"line":6,"column":1}},"locations":[{"start":{"line":4,"column":34},"end":{"line":6,"column":1}}]},"1":{"type":"branch","line":8,"loc":{"start":{"line":8,"column":37},"end":{"line":10,"column":1}},"locations":[{"start":{"line":8,"column":37},"end":{"line":10,"column":1}}]},"2":{"type":"branch","line":12,"loc":{"start":{"line":12,"column":36},"end":{"line":14,"column":1}},"locations":[{"start":{"line":12,"column":36},"end":{"line":14,"column":1}}]},"3":{"type":"branch","line":16,"loc":{"start":{"line":16,"column":19},"end":{"line":22,"column":1}},"locations":[{"start":{"line":16,"column":19},"end":{"line":22,"column":1}}]},"4":{"type":"branch","line":17,"loc":{"start":{"line":17,"column":27},"end":{"line":19,"column":5}},"locations":[{"start":{"line":17,"column":27},"end":{"line":19,"column":5}}]},"5":{"type":"branch","line":19,"loc":{"start":{"line":19,"column":4},"end":{"line":21,"column":32}},"locations":[{"start":{"line":19,"column":4},"end":{"line":21,"column":32}}]},"6":{"type":"branch","line":21,"loc":{"start":{"line":21,"column":28},"end":{"line":21,"column":43}},"locations":[{"start":{"line":21,"column":28},"end":{"line":21,"column":43}}]},"7":{"type":"branch","line":21,"loc":{"start":{"line":21,"column":43},"end":{"line":21,"column":51}},"locations":[{"start":{"line":21,"column":43},"end":{"line":21,"column":51}}]},"8":{"type":"branch","line":24,"loc":{"start":{"line":24,"column":26},"end":{"line":51,"column":1}},"locations":[{"start":{"line":24,"column":26},"end":{"line":51,"column":1}}]},"9":{"type":"branch","line":28,"loc":{"start":{"line":28,"column":8},"end":{"line":30,"column":57}},"locations":[{"start":{"line":28,"column":8},"end":{"line":30,"column":57}}]},"10":{"type":"branch","line":32,"loc":{"start":{"line":32,"column":8},"end":{"line":33,"column":52}},"locations":[{"start":{"line":32,"column":8},"end":{"line":33,"column":52}}]},"11":{"type":"branch","line":35,"loc":{"start":{"line":35,"column":8},"end":{"line":36,"column":23}},"locations":[{"start":{"line":35,"column":8},"end":{"line":36,"column":23}}]},"12":{"type":"branch","line":38,"loc":{"start":{"line":38,"column":8},"end":{"line":41,"column":68}},"locations":[{"start":{"line":38,"column":8},"end":{"line":41,"column":68}}]},"13":{"type":"branch","line":43,"loc":{"start":{"line":43,"column":8},"end":{"line":46,"column":66}},"locations":[{"start":{"line":43,"column":8},"end":{"line":46,"column":66}}]},"14":{"type":"branch","line":48,"loc":{"start":{"line":48,"column":8},"end":{"line":49,"column":57}},"locations":[{"start":{"line":48,"column":8},"end":{"line":49,"column":57}}]},"15":{"type":"branch","line":50,"loc":{"start":{"line":50,"column":4},"end":{"line":51,"column":1}},"locations":[{"start":{"line":50,"column":4},"end":{"line":51,"column":1}}]},"16":{"type":"branch","line":45,"loc":{"start":{"line":45,"column":40},"end":{"line":45,"column":86}},"locations":[{"start":{"line":45,"column":40},"end":{"line":45,"column":86}}]},"17":{"type":"branch","line":46,"loc":{"start":{"line":46,"column":32},"end":{"line":46,"column":54}},"locations":[{"start":{"line":46,"column":32},"end":{"line":46,"column":54}}]},"18":{"type":"branch","line":53,"loc":{"start":{"line":53,"column":16},"end":{"line":57,"column":1}},"locations":[{"start":{"line":53,"column":16},"end":{"line":57,"column":1}}]},"19":{"type":"branch","line":54,"loc":{"start":{"line":54,"column":29},"end":{"line":54,"column":61}},"locations":[{"start":{"line":54,"column":29},"end":{"line":54,"column":61}}]},"20":{"type":"branch","line":55,"loc":{"start":{"line":55,"column":42},"end":{"line":55,"column":70}},"locations":[{"start":{"line":55,"column":42},"end":{"line":55,"column":70}}]}},"b":{"0":[10],"1":[4],"2":[8],"3":[26],"4":[6],"5":[20],"6":[14],"7":[6],"8":[36],"9":[10],"10":[4],"11":[6],"12":[8],"13":[8],"14":[0],"15":[0],"16":[28],"17":[28],"18":[2],"19":[8],"20":[8]},"fnMap":{"0":{"name":"getSentencesForAddedValue","decl":{"start":{"line":4,"column":34},"end":{"line":6,"column":1}},"loc":{"start":{"line":4,"column":34},"end":{"line":6,"column":1}},"line":4},"1":{"name":"getSentencesForRemovedValue","decl":{"start":{"line":8,"column":37},"end":{"line":10,"column":1}},"loc":{"start":{"line":8,"column":37},"end":{"line":10,"column":1}},"line":8},"2":{"name":"getSentencesForChangedValue","decl":{"start":{"line":12,"column":36},"end":{"line":14,"column":1}},"loc":{"start":{"line":12,"column":36},"end":{"line":14,"column":1}},"line":12},"3":{"name":"stringify","decl":{"start":{"line":16,"column":19},"end":{"line":22,"column":1}},"loc":{"start":{"line":16,"column":19},"end":{"line":22,"column":1}},"line":16},"4":{"name":"getPlaiTreeFormat","decl":{"start":{"line":24,"column":26},"end":{"line":51,"column":1}},"loc":{"start":{"line":24,"column":26},"end":{"line":51,"column":1}},"line":24},"5":{"name":"default","decl":{"start":{"line":53,"column":16},"end":{"line":57,"column":1}},"loc":{"start":{"line":53,"column":16},"end":{"line":57,"column":1}},"line":53}},"f":{"0":10,"1":4,"2":8,"3":26,"4":36,"5":2}}
,"/home/user/vscode/hexlet-project2/frontend-project-46/src/formatters/stylish.js": {"path":"/home/user/vscode/hexlet-project2/frontend-project-46/src/formatters/stylish.js","all":false,"statementMap":{"0":{"start":{"line":1,"column":0},"end":{"line":1,"column":0}},"1":{"start":{"line":2,"column":0},"end":{"line":2,"column":22}},"2":{"start":{"line":3,"column":0},"end":{"line":3,"column":0}},"3":{"start":{"line":4,"column":0},"end":{"line":4,"column":17}},"4":{"start":{"line":5,"column":0},"end":{"line":5,"column":15}},"5":{"start":{"line":6,"column":0},"end":{"line":6,"column":17}},"6":{"start":{"line":7,"column":0},"end":{"line":7,"column":19}},"7":{"start":{"line":8,"column":0},"end":{"line":8,"column":16}},"8":{"start":{"line":9,"column":0},"end":{"line":9,"column":1}},"9":{"start":{"line":10,"column":0},"end":{"line":10,"column":0}},"10":{"start":{"line":11,"column":0},"end":{"line":11,"column":15}},"11":{"start":{"line":12,"column":0},"end":{"line":12,"column":22}},"12":{"start":{"line":13,"column":0},"end":{"line":13,"column":20}},"13":{"start":{"line":14,"column":0},"end":{"line":14,"column":0}},"14":{"start":{"line":15,"column":0},"end":{"line":15,"column":77}},"15":{"start":{"line":16,"column":0},"end":{"line":16,"column":0}},"16":{"start":{"line":17,"column":0},"end":{"line":17,"column":41}},"17":{"start":{"line":18,"column":0},"end":{"line":18,"column":20}},"18":{"start":{"line":19,"column":0},"end":{"line":19,"column":87}},"19":{"start":{"line":20,"column":0},"end":{"line":20,"column":5}},"20":{"start":{"line":21,"column":0},"end":{"line":21,"column":1}},"21":{"start":{"line":22,"column":0},"end":{"line":22,"column":2}},"22":{"start":{"line":23,"column":0},"end":{"line":23,"column":41}},"23":{"start":{"line":24,"column":0},"end":{"line":24,"column":29}},"24":{"start":{"line":25,"column":0},"end":{"line":25,"column":18}},"25":{"start":{"line":26,"column":0},"end":{"line":26,"column":5}},"26":{"start":{"line":27,"column":0},"end":{"line":27,"column":0}},"27":{"start":{"line":28,"column":0},"end":{"line":28,"column":38}},"28":{"start":{"line":29,"column":0},"end":{"line":29,"column":47}},"29":{"start":{"line":30,"column":0},"end":{"line":30,"column":59}},"30":{"start":{"line":31,"column":0},"end":{"line":31,"column":1}},"31":{"start":{"line":32,"column":0},"end":{"line":32,"column":0}},"32":{"start":{"line":33,"column":0},"end":{"line":33,"column":64}},"33":{"start":{"line":34,"column":0},"end":{"line":34,"column":92}},"34":{"start":{"line":35,"column":0},"end":{"line":35,"column":21}},"35":{"start":{"line":36,"column":0},"end":{"line":36,"column":24}},"36":{"start":{"line":37,"column":0},"end":{"line":37,"column":1}},"37":{"start":{"line":38,"column":0},"end":{"line":38,"column":0}},"38":{"start":{"line":39,"column":0},"end":{"line":39,"column":53}},"39":{"start":{"line":40,"column":0},"end":{"line":40,"column":89}},"40":{"start":{"line":41,"column":0},"end":{"line":41,"column":1}},"41":{"start":{"line":42,"column":0},"end":{"line":42,"column":0}},"42":{"start":{"line":43,"column":0},"end":{"line":43,"column":51}},"43":{"start":{"line":44,"column":0},"end":{"line":44,"column":24}},"44":{"start":{"line":45,"column":0},"end":{"line":45,"column":0}},"45":{"start":{"line":46,"column":0},"end":{"line":46,"column":23}},"46":{"start":{"line":47,"column":0},"end":{"line":47,"column":22}},"47":{"start":{"line":48,"column":0},"end":{"line":48,"column":43}},"48":{"start":{"line":49,"column":0},"end":{"line":49,"column":89}},"49":{"start":{"line":50,"column":0},"end":{"line":50,"column":58}},"50":{"start":{"line":51,"column":0},"end":{"line":51,"column":0}},"51":{"start":{"line":52,"column":0},"end":{"line":52,"column":23}},"52":{"start":{"line":53,"column":0},"end":{"line":53,"column":61}},"53":{"start":{"line":54,"column":0},"end":{"line":54,"column":60}},"54":{"start":{"line":55,"column":0},"end":{"line":55,"column":69}},"55":{"start":{"line":56,"column":0},"end":{"line":56,"column":0}},"56":{"start":{"line":57,"column":0},"end":{"line":57,"column":21}},"57":{"start":{"line":58,"column":0},"end":{"line":58,"column":23}},"58":{"start":{"line":59,"column":0},"end":{"line":59,"column":25}},"59":{"start":{"line":60,"column":0},"end":{"line":60,"column":102}},"60":{"start":{"line":61,"column":0},"end":{"line":61,"column":0}},"61":{"start":{"line":62,"column":0},"end":{"line":62,"column":17}},"62":{"start":{"line":63,"column":0},"end":{"line":63,"column":60}},"63":{"start":{"line":64,"column":0},"end":{"line":64,"column":5}},"64":{"start":{"line":65,"column":0},"end":{"line":65,"column":1}},"65":{"start":{"line":66,"column":0},"end":{"line":66,"column":26}},"66":{"start":{"line":67,"column":0},"end":{"line":67,"column":68}},"67":{"start":{"line":68,"column":0},"end":{"line":68,"column":39}},"68":{"start":{"line":69,"column":0},"end":{"line":69,"column":1}}},"s":{"0":1,"1":1,"2":1,"3":1,"4":1,"5":1,"6":1,"7":1,"8":1,"9":1,"10":1,"11":1,"12":1,"13":1,"14":1,"15":1,"16":1,"17":28,"18":28,"19":28,"20":28,"21":1,"22":1,"23":108,"24":80,"25":80,"26":28,"27":28,"28":28,"29":28,"30":28,"31":1,"32":1,"33":16,"34":16,"35":16,"36":16,"37":1,"38":1,"39":16,"40":16,"41":1,"42":1,"43":72,"44":72,"45":72,"46":72,"47":16,"48":16,"49":16,"50":72,"51":72,"52":16,"53":16,"54":16,"55":72,"56":72,"57":72,"58":72,"59":40,"60":72,"61":72,"62":0,"63":72,"64":0,"65":1,"66":4,"67":4,"68":4},"branchMap":{"0":{"type":"branch","line":15,"loc":{"start":{"line":15,"column":20},"end":{"line":15,"column":77}},"locations":[{"start":{"line":15,"column":20},"end":{"line":15,"column":77}}]},"1":{"type":"branch","line":17,"loc":{"start":{"line":17,"column":16},"end":{"line":21,"column":1}},"locations":[{"start":{"line":17,"column":16},"end":{"line":21,"column":1}}]},"2":{"type":"branch","line":19,"loc":{"start":{"line":19,"column":9},"end":{"line":19,"column":87}},"locations":[{"start":{"line":19,"column":9},"end":{"line":19,"column":87}}]},"3":{"type":"branch","line":23,"loc":{"start":{"line":23,"column":18},"end":{"line":31,"column":1}},"locations":[{"start":{"line":23,"column":18},"end":{"line":31,"column":1}}]},"4":{"type":"branch","line":24,"loc":{"start":{"line":24,"column":28},"end":{"line":26,"column":5}},"locations":[{"start":{"line":24,"column":28},"end":{"line":26,"column":5}}]},"5":{"type":"branch","line":26,"loc":{"start":{"line":26,"column":4},"end":{"line":31,"column":1}},"locations":[{"start":{"line":26,"column":4},"end":{"line":31,"column":1}}]},"6":{"type":"branch","line":33,"loc":{"start":{"line":33,"column":31},"end":{"line":37,"column":1}},"locations":[{"start":{"line":33,"column":31},"end":{"line":37,"column":1}}]},"7":{"type":"branch","line":39,"loc":{"start":{"line":39,"column":30},"end":{"line":41,"column":1}},"locations":[{"start":{"line":39,"column":30},"end":{"line":41,"column":1}}]},"8":{"type":"branch","line":43,"loc":{"start":{"line":43,"column":29},"end":{"line":65,"column":1}},"locations":[{"start":{"line":43,"column":29},"end":{"line":65,"column":1}}]},"9":{"type":"branch","line":47,"loc":{"start":{"line":47,"column":8},"end":{"line":50,"column":58}},"locations":[{"start":{"line":47,"column":8},"end":{"line":50,"column":58}}]},"10":{"type":"branch","line":52,"loc":{"start":{"line":52,"column":8},"end":{"line":55,"column":69}},"locations":[{"start":{"line":52,"column":8},"end":{"line":55,"column":69}}]},"11":{"type":"branch","line":57,"loc":{"start":{"line":57,"column":8},"end":{"line":57,"column":21}},"locations":[{"start":{"line":57,"column":8},"end":{"line":57,"column":21}}]},"12":{"type":"branch","line":58,"loc":{"start":{"line":58,"column":8},"end":{"line":58,"column":23}},"locations":[{"start":{"line":58,"column":8},"end":{"line":58,"column":23}}]},"13":{"type":"branch","line":59,"loc":{"start":{"line":59,"column":8},"end":{"line":60,"column":102}},"locations":[{"start":{"line":59,"column":8},"end":{"line":60,"column":102}}]},"14":{"type":"branch","line":62,"loc":{"start":{"line":62,"column":8},"end":{"line":63,"column":60}},"locations":[{"start":{"line":62,"column":8},"end":{"line":63,"column":60}}]},"15":{"type":"branch","line":64,"loc":{"start":{"line":64,"column":4},"end":{"line":65,"column":1}},"locations":[{"start":{"line":64,"column":4},"end":{"line":65,"column":1}}]},"16":{"type":"branch","line":49,"loc":{"start":{"line":49,"column":40},"end":{"line":49,"column":88}},"locations":[{"start":{"line":49,"column":40},"end":{"line":49,"column":88}}]},"17":{"type":"branch","line":66,"loc":{"start":{"line":66,"column":16},"end":{"line":69,"column":1}},"locations":[{"start":{"line":66,"column":16},"end":{"line":69,"column":1}}]},"18":{"type":"branch","line":67,"loc":{"start":{"line":67,"column":29},"end":{"line":67,"column":67}},"locations":[{"start":{"line":67,"column":29},"end":{"line":67,"column":67}}]}},"b":{"0":[168],"1":[28],"2":[36],"3":[108],"4":[80],"5":[28],"6":[16],"7":[16],"8":[72],"9":[16],"10":[16],"11":[20],"12":[28],"13":[40],"14":[0],"15":[0],"16":[56],"17":[4],"18":[16]},"fnMap":{"0":{"name":"makeIndent","decl":{"start":{"line":15,"column":20},"end":{"line":15,"column":77}},"loc":{"start":{"line":15,"column":20},"end":{"line":15,"column":77}},"line":15},"1":{"name":"getKeys","decl":{"start":{"line":17,"column":16},"end":{"line":21,"column":1}},"loc":{"start":{"line":17,"column":16},"end":{"line":21,"column":1}},"line":17},"2":{"name":"stringify","decl":{"start":{"line":23,"column":18},"end":{"line":31,"column":1}},"loc":{"start":{"line":23,"column":18},"end":{"line":31,"column":1}},"line":23},"3":{"name":"getValueForChangedType","decl":{"start":{"line":33,"column":31},"end":{"line":37,"column":1}},"loc":{"start":{"line":33,"column":31},"end":{"line":37,"column":1}},"line":33},"4":{"name":"getValueForNestedType","decl":{"start":{"line":39,"column":30},"end":{"line":41,"column":1}},"loc":{"start":{"line":39,"column":30},"end":{"line":41,"column":1}},"line":39},"5":{"name":"getStylishTreeFormat","decl":{"start":{"line":43,"column":29},"end":{"line":65,"column":1}},"loc":{"start":{"line":43,"column":29},"end":{"line":65,"column":1}},"line":43},"6":{"name":"default","decl":{"start":{"line":66,"column":16},"end":{"line":69,"column":1}},"loc":{"start":{"line":66,"column":16},"end":{"line":69,"column":1}},"line":66}},"f":{"0":168,"1":28,"2":108,"3":16,"4":16,"5":72,"6":4}}
}
