{"/home/user/vscode/hexlet-project2/frontend-project-46/src/index.js": {"path":"/home/user/vscode/hexlet-project2/frontend-project-46/src/index.js","statementMap":{"0":{"start":{"line":10,"column":18},"end":{"line":10,"column":84}},"1":{"start":{"line":10,"column":32},"end":{"line":10,"column":84}},"2":{"start":{"line":12,"column":34},"end":{"line":19,"column":1}},"3":{"start":{"line":13,"column":15},"end":{"line":16,"column":3}},"4":{"start":{"line":18,"column":2},"end":{"line":18,"column":47}}},"fnMap":{"0":{"name":"(anonymous_0)","decl":{"start":{"line":10,"column":18},"end":{"line":10,"column":19}},"loc":{"start":{"line":10,"column":32},"end":{"line":10,"column":84}},"line":10},"1":{"name":"(anonymous_1)","decl":{"start":{"line":12,"column":34},"end":{"line":12,"column":35}},"loc":{"start":{"line":12,"column":79},"end":{"line":19,"column":1}},"line":12}},"branchMap":{"0":{"loc":{"start":{"line":12,"column":57},"end":{"line":12,"column":74}},"type":"default-arg","locations":[{"start":{"line":12,"column":70},"end":{"line":12,"column":74}}],"line":12},"1":{"loc":{"start":{"line":18,"column":22},"end":{"line":18,"column":45}},"type":"binary-expr","locations":[{"start":{"line":18,"column":22},"end":{"line":18,"column":32}},{"start":{"line":18,"column":36},"end":{"line":18,"column":45}}],"line":18}},"s":{"0":1,"1":16,"2":1,"3":8,"4":8},"f":{"0":16,"1":8},"b":{"0":[0],"1":[8,2]},"_coverageSchema":"1a1c01bbd47fc00a2c39e90264f33305004495a9","hash":"244892894ec09647057c2059ec4bc512182ab6f2"}
,"/home/user/vscode/hexlet-project2/frontend-project-46/src/parser.js": {"path":"/home/user/vscode/hexlet-project2/frontend-project-46/src/parser.js","statementMap":{"0":{"start":{"line":4,"column":16},"end":{"line":4,"column":52}},"1":{"start":{"line":5,"column":22},"end":{"line":5,"column":61}},"2":{"start":{"line":5,"column":40},"end":{"line":5,"column":61}}},"fnMap":{"0":{"name":"(anonymous_0)","decl":{"start":{"line":5,"column":22},"end":{"line":5,"column":23}},"loc":{"start":{"line":5,"column":40},"end":{"line":5,"column":61}},"line":5}},"branchMap":{},"s":{"0":1,"1":1,"2":16},"f":{"0":16},"b":{},"_coverageSchema":"1a1c01bbd47fc00a2c39e90264f33305004495a9","hash":"3b1a13afc7b4915cf37650f52923a8d2d8e1bf2e"}
,"/home/user/vscode/hexlet-project2/frontend-project-46/src/ast/builder.js": {"path":"/home/user/vscode/hexlet-project2/frontend-project-46/src/ast/builder.js","statementMap":{"0":{"start":{"line":8,"column":17},"end":{"line":13,"column":1}},"1":{"start":{"line":15,"column":25},"end":{"line":15,"column":97}},"2":{"start":{"line":15,"column":43},"end":{"line":15,"column":97}},"3":{"start":{"line":17,"column":24},"end":{"line":29,"column":2}},"4":{"start":{"line":17,"column":42},"end":{"line":29,"column":2}},"5":{"start":{"line":18,"column":2},"end":{"line":22,"column":3}},"6":{"start":{"line":19,"column":4},"end":{"line":21,"column":5}},"7":{"start":{"line":20,"column":6},"end":{"line":20,"column":50}},"8":{"start":{"line":24,"column":2},"end":{"line":28,"column":4}}},"fnMap":{"0":{"name":"(anonymous_0)","decl":{"start":{"line":15,"column":25},"end":{"line":15,"column":26}},"loc":{"start":{"line":15,"column":43},"end":{"line":15,"column":97}},"line":15},"1":{"name":"(anonymous_1)","decl":{"start":{"line":17,"column":24},"end":{"line":17,"column":25}},"loc":{"start":{"line":17,"column":42},"end":{"line":29,"column":2}},"line":17},"2":{"name":"(anonymous_2)","decl":{"start":{"line":17,"column":84},"end":{"line":17,"column":85}},"loc":{"start":{"line":17,"column":93},"end":{"line":29,"column":1}},"line":17}},"branchMap":{"0":{"loc":{"start":{"line":19,"column":4},"end":{"line":21,"column":5}},"type":"if","locations":[{"start":{"line":19,"column":4},"end":{"line":21,"column":5}},{"start":{},"end":{}}],"line":19}},"s":{"0":1,"1":1,"2":40,"3":1,"4":40,"5":144,"6":384,"7":120,"8":24},"f":{"0":40,"1":40,"2":144},"b":{"0":[120,264]},"_coverageSchema":"1a1c01bbd47fc00a2c39e90264f33305004495a9","hash":"873b9956a37b24c0ce070c3f03055cc3336f96b1"}
,"/home/user/vscode/hexlet-project2/frontend-project-46/src/ast/checkers/added.js": {"path":"/home/user/vscode/hexlet-project2/frontend-project-46/src/ast/checkers/added.js","statementMap":{"0":{"start":{"line":3,"column":23},"end":{"line":3,"column":64}},"1":{"start":{"line":3,"column":46},"end":{"line":3,"column":64}},"2":{"start":{"line":5,"column":26},"end":{"line":9,"column":2}},"3":{"start":{"line":5,"column":60},"end":{"line":9,"column":1}}},"fnMap":{"0":{"name":"(anonymous_0)","decl":{"start":{"line":3,"column":23},"end":{"line":3,"column":24}},"loc":{"start":{"line":3,"column":46},"end":{"line":3,"column":64}},"line":3},"1":{"name":"(anonymous_1)","decl":{"start":{"line":5,"column":26},"end":{"line":5,"column":27}},"loc":{"start":{"line":5,"column":60},"end":{"line":9,"column":1}},"line":5}},"branchMap":{},"s":{"0":1,"1":112,"2":1,"3":40},"f":{"0":112,"1":40},"b":{},"_coverageSchema":"1a1c01bbd47fc00a2c39e90264f33305004495a9","hash":"22bd6953e9d5f54c5d02214f8f61e1e1675a95c2"}
,"/home/user/vscode/hexlet-project2/frontend-project-46/src/ast/checkers/changed.js": {"path":"/home/user/vscode/hexlet-project2/frontend-project-46/src/ast/checkers/changed.js","statementMap":{"0":{"start":{"line":1,"column":25},"end":{"line":1,"column":73}},"1":{"start":{"line":1,"column":48},"end":{"line":1,"column":73}},"2":{"start":{"line":3,"column":30},"end":{"line":8,"column":2}},"3":{"start":{"line":3,"column":64},"end":{"line":8,"column":1}}},"fnMap":{"0":{"name":"(anonymous_0)","decl":{"start":{"line":1,"column":25},"end":{"line":1,"column":26}},"loc":{"start":{"line":1,"column":48},"end":{"line":1,"column":73}},"line":1},"1":{"name":"(anonymous_1)","decl":{"start":{"line":3,"column":30},"end":{"line":3,"column":31}},"loc":{"start":{"line":3,"column":64},"end":{"line":8,"column":1}},"line":3}},"branchMap":{},"s":{"0":1,"1":56,"2":1,"3":32},"f":{"0":56,"1":32},"b":{},"_coverageSchema":"1a1c01bbd47fc00a2c39e90264f33305004495a9","hash":"19d4259efdeda70f56a05db565bf88d988c697af"}
,"/home/user/vscode/hexlet-project2/frontend-project-46/src/ast/checkers/nested.js": {"path":"/home/user/vscode/hexlet-project2/frontend-project-46/src/ast/checkers/nested.js","statementMap":{"0":{"start":{"line":3,"column":24},"end":{"line":3,"column":95}},"1":{"start":{"line":3,"column":47},"end":{"line":3,"column":95}},"2":{"start":{"line":5,"column":29},"end":{"line":9,"column":2}},"3":{"start":{"line":5,"column":63},"end":{"line":9,"column":1}}},"fnMap":{"0":{"name":"(anonymous_0)","decl":{"start":{"line":3,"column":24},"end":{"line":3,"column":25}},"loc":{"start":{"line":3,"column":47},"end":{"line":3,"column":95}},"line":3},"1":{"name":"(anonymous_1)","decl":{"start":{"line":5,"column":29},"end":{"line":5,"column":30}},"loc":{"start":{"line":5,"column":63},"end":{"line":9,"column":1}},"line":5}},"branchMap":{"0":{"loc":{"start":{"line":3,"column":47},"end":{"line":3,"column":95}},"type":"binary-expr","locations":[{"start":{"line":3,"column":47},"end":{"line":3,"column":69}},{"start":{"line":3,"column":73},"end":{"line":3,"column":95}}],"line":3}},"s":{"0":1,"1":144,"2":1,"3":32},"f":{"0":144,"1":32},"b":{"0":[144,48]},"_coverageSchema":"1a1c01bbd47fc00a2c39e90264f33305004495a9","hash":"da40cca919d631e1efa73196a00595c840b80d63"}
,"/home/user/vscode/hexlet-project2/frontend-project-46/src/ast/checkers/removed.js": {"path":"/home/user/vscode/hexlet-project2/frontend-project-46/src/ast/checkers/removed.js","statementMap":{"0":{"start":{"line":3,"column":25},"end":{"line":3,"column":66}},"1":{"start":{"line":3,"column":48},"end":{"line":3,"column":66}},"2":{"start":{"line":5,"column":30},"end":{"line":9,"column":2}},"3":{"start":{"line":5,"column":64},"end":{"line":9,"column":1}}},"fnMap":{"0":{"name":"(anonymous_0)","decl":{"start":{"line":3,"column":25},"end":{"line":3,"column":26}},"loc":{"start":{"line":3,"column":48},"end":{"line":3,"column":66}},"line":3},"1":{"name":"(anonymous_1)","decl":{"start":{"line":5,"column":30},"end":{"line":5,"column":31}},"loc":{"start":{"line":5,"column":64},"end":{"line":9,"column":1}},"line":5}},"branchMap":{},"s":{"0":1,"1":72,"2":1,"3":16},"f":{"0":72,"1":16},"b":{},"_coverageSchema":"1a1c01bbd47fc00a2c39e90264f33305004495a9","hash":"85ef1499e74ae605688d2bc0819027e77781e750"}
,"/home/user/vscode/hexlet-project2/frontend-project-46/src/format/format.js": {"path":"/home/user/vscode/hexlet-project2/frontend-project-46/src/format/format.js","statementMap":{"0":{"start":{"line":5,"column":16},"end":{"line":5,"column":56}},"1":{"start":{"line":6,"column":22},"end":{"line":6,"column":69}},"2":{"start":{"line":6,"column":44},"end":{"line":6,"column":69}}},"fnMap":{"0":{"name":"(anonymous_0)","decl":{"start":{"line":6,"column":22},"end":{"line":6,"column":23}},"loc":{"start":{"line":6,"column":44},"end":{"line":6,"column":69}},"line":6}},"branchMap":{},"s":{"0":1,"1":1,"2":8},"f":{"0":8},"b":{},"_coverageSchema":"1a1c01bbd47fc00a2c39e90264f33305004495a9","hash":"9628e9d70e5052f03e33dfee293b7a540a468974"}
,"/home/user/vscode/hexlet-project2/frontend-project-46/src/format/formatters/plain/plain.js": {"path":"/home/user/vscode/hexlet-project2/frontend-project-46/src/format/formatters/plain/plain.js","statementMap":{"0":{"start":{"line":7,"column":21},"end":{"line":13,"column":1}},"1":{"start":{"line":12,"column":19},"end":{"line":12,"column":23}},"2":{"start":{"line":15,"column":27},"end":{"line":18,"column":1}},"3":{"start":{"line":16,"column":15},"end":{"line":16,"column":37}},"4":{"start":{"line":17,"column":2},"end":{"line":17,"column":65}},"5":{"start":{"line":20,"column":21},"end":{"line":24,"column":1}},"6":{"start":{"line":21,"column":17},"end":{"line":21,"column":61}},"7":{"start":{"line":21,"column":36},"end":{"line":21,"column":60}},"8":{"start":{"line":22,"column":25},"end":{"line":22,"column":69}},"9":{"start":{"line":22,"column":52},"end":{"line":22,"column":68}},"10":{"start":{"line":23,"column":2},"end":{"line":23,"column":35}}},"fnMap":{"0":{"name":"(anonymous_0)","decl":{"start":{"line":12,"column":13},"end":{"line":12,"column":14}},"loc":{"start":{"line":12,"column":19},"end":{"line":12,"column":23}},"line":12},"1":{"name":"(anonymous_1)","decl":{"start":{"line":15,"column":27},"end":{"line":15,"column":28}},"loc":{"start":{"line":15,"column":50},"end":{"line":18,"column":1}},"line":15},"2":{"name":"(anonymous_2)","decl":{"start":{"line":20,"column":21},"end":{"line":20,"column":22}},"loc":{"start":{"line":20,"column":31},"end":{"line":24,"column":1}},"line":20},"3":{"name":"(anonymous_3)","decl":{"start":{"line":21,"column":26},"end":{"line":21,"column":27}},"loc":{"start":{"line":21,"column":36},"end":{"line":21,"column":60}},"line":21},"4":{"name":"(anonymous_4)","decl":{"start":{"line":22,"column":39},"end":{"line":22,"column":40}},"loc":{"start":{"line":22,"column":52},"end":{"line":22,"column":68}},"line":22}},"branchMap":{"0":{"loc":{"start":{"line":15,"column":34},"end":{"line":15,"column":45}},"type":"default-arg","locations":[{"start":{"line":15,"column":43},"end":{"line":15,"column":45}}],"line":15}},"s":{"0":1,"1":6,"2":1,"3":36,"4":36,"5":1,"6":2,"7":8,"8":2,"9":8,"10":2},"f":{"0":6,"1":36,"2":2,"3":8,"4":8},"b":{"0":[8]},"_coverageSchema":"1a1c01bbd47fc00a2c39e90264f33305004495a9","hash":"93fa681ade1b69f29c72a79d798e2aa4e406ea5c"}
,"/home/user/vscode/hexlet-project2/frontend-project-46/src/format/formatters/plain/utils.js": {"path":"/home/user/vscode/hexlet-project2/frontend-project-46/src/format/formatters/plain/utils.js","statementMap":{"0":{"start":{"line":4,"column":25},"end":{"line":10,"column":1}},"1":{"start":{"line":5,"column":2},"end":{"line":7,"column":3}},"2":{"start":{"line":6,"column":4},"end":{"line":6,"column":29}},"3":{"start":{"line":9,"column":2},"end":{"line":9,"column":50}}},"fnMap":{"0":{"name":"(anonymous_0)","decl":{"start":{"line":4,"column":25},"end":{"line":4,"column":26}},"loc":{"start":{"line":4,"column":36},"end":{"line":10,"column":1}},"line":4}},"branchMap":{"0":{"loc":{"start":{"line":5,"column":2},"end":{"line":7,"column":3}},"type":"if","locations":[{"start":{"line":5,"column":2},"end":{"line":7,"column":3}},{"start":{},"end":{}}],"line":5},"1":{"loc":{"start":{"line":9,"column":9},"end":{"line":9,"column":49}},"type":"cond-expr","locations":[{"start":{"line":9,"column":29},"end":{"line":9,"column":41}},{"start":{"line":9,"column":44},"end":{"line":9,"column":49}}],"line":9}},"s":{"0":1,"1":26,"2":6,"3":20},"f":{"0":26},"b":{"0":[6,20],"1":[14,6]},"_coverageSchema":"1a1c01bbd47fc00a2c39e90264f33305004495a9","hash":"aa712880ed5df43705ec8ce9f62af5ede11f0a66"}
,"/home/user/vscode/hexlet-project2/frontend-project-46/src/format/formatters/plain/nodes/added.js": {"path":"/home/user/vscode/hexlet-project2/frontend-project-46/src/format/formatters/plain/nodes/added.js","statementMap":{"0":{"start":{"line":4,"column":31},"end":{"line":7,"column":1}},"1":{"start":{"line":5,"column":15},"end":{"line":5,"column":31}},"2":{"start":{"line":6,"column":2},"end":{"line":6,"column":60}}},"fnMap":{"0":{"name":"(anonymous_0)","decl":{"start":{"line":4,"column":31},"end":{"line":4,"column":32}},"loc":{"start":{"line":4,"column":61},"end":{"line":7,"column":1}},"line":4}},"branchMap":{},"s":{"0":1,"1":10,"2":10},"f":{"0":10},"b":{},"_coverageSchema":"1a1c01bbd47fc00a2c39e90264f33305004495a9","hash":"f2fe17c330fa02b5984ed57f2ebd83618623e15d"}
,"/home/user/vscode/hexlet-project2/frontend-project-46/src/format/formatters/plain/nodes/changed.js": {"path":"/home/user/vscode/hexlet-project2/frontend-project-46/src/format/formatters/plain/nodes/changed.js","statementMap":{"0":{"start":{"line":4,"column":33},"end":{"line":6,"column":1}},"1":{"start":{"line":5,"column":2},"end":{"line":5,"column":102}}},"fnMap":{"0":{"name":"(anonymous_0)","decl":{"start":{"line":4,"column":33},"end":{"line":4,"column":34}},"loc":{"start":{"line":4,"column":81},"end":{"line":6,"column":1}},"line":4}},"branchMap":{},"s":{"0":1,"1":8},"f":{"0":8},"b":{},"_coverageSchema":"1a1c01bbd47fc00a2c39e90264f33305004495a9","hash":"f73b32c2a3a6de5f9b586098f9e0d391d52b09c1"}
,"/home/user/vscode/hexlet-project2/frontend-project-46/src/format/formatters/plain/nodes/nested.js": {"path":"/home/user/vscode/hexlet-project2/frontend-project-46/src/format/formatters/plain/nodes/nested.js","statementMap":{"0":{"start":{"line":2,"column":32},"end":{"line":5,"column":1}},"1":{"start":{"line":3,"column":15},"end":{"line":3,"column":65}},"2":{"start":{"line":3,"column":39},"end":{"line":3,"column":64}},"3":{"start":{"line":4,"column":2},"end":{"line":4,"column":57}},"4":{"start":{"line":4,"column":31},"end":{"line":4,"column":44}}},"fnMap":{"0":{"name":"(anonymous_0)","decl":{"start":{"line":2,"column":32},"end":{"line":2,"column":33}},"loc":{"start":{"line":2,"column":64},"end":{"line":5,"column":1}},"line":2},"1":{"name":"(anonymous_1)","decl":{"start":{"line":3,"column":28},"end":{"line":3,"column":29}},"loc":{"start":{"line":3,"column":39},"end":{"line":3,"column":64}},"line":3},"2":{"name":"(anonymous_2)","decl":{"start":{"line":4,"column":21},"end":{"line":4,"column":22}},"loc":{"start":{"line":4,"column":31},"end":{"line":4,"column":44}},"line":4}},"branchMap":{},"s":{"0":1,"1":8,"2":28,"3":8,"4":28},"f":{"0":8,"1":28,"2":28},"b":{},"_coverageSchema":"1a1c01bbd47fc00a2c39e90264f33305004495a9","hash":"245159a2f52c2ef32d6e57df2f65728c7a655045"}
,"/home/user/vscode/hexlet-project2/frontend-project-46/src/format/formatters/plain/nodes/removed.js": {"path":"/home/user/vscode/hexlet-project2/frontend-project-46/src/format/formatters/plain/nodes/removed.js","statementMap":{"0":{"start":{"line":2,"column":33},"end":{"line":2,"column":91}},"1":{"start":{"line":2,"column":59},"end":{"line":2,"column":91}}},"fnMap":{"0":{"name":"(anonymous_0)","decl":{"start":{"line":2,"column":33},"end":{"line":2,"column":34}},"loc":{"start":{"line":2,"column":59},"end":{"line":2,"column":91}},"line":2}},"branchMap":{},"s":{"0":1,"1":4},"f":{"0":4},"b":{},"_coverageSchema":"1a1c01bbd47fc00a2c39e90264f33305004495a9","hash":"51e03ecff3bba1c894de51f2d5e09ff93db65788"}
,"/home/user/vscode/hexlet-project2/frontend-project-46/src/format/formatters/stylish/stylish.js": {"path":"/home/user/vscode/hexlet-project2/frontend-project-46/src/format/formatters/stylish/stylish.js","statementMap":{"0":{"start":{"line":6,"column":21},"end":{"line":9,"column":1}},"1":{"start":{"line":11,"column":29},"end":{"line":13,"column":1}},"2":{"start":{"line":12,"column":2},"end":{"line":12,"column":90}},"3":{"start":{"line":15,"column":23},"end":{"line":18,"column":1}},"4":{"start":{"line":16,"column":17},"end":{"line":16,"column":66}},"5":{"start":{"line":16,"column":36},"end":{"line":16,"column":65}},"6":{"start":{"line":17,"column":2},"end":{"line":17,"column":38}}},"fnMap":{"0":{"name":"(anonymous_0)","decl":{"start":{"line":11,"column":29},"end":{"line":11,"column":30}},"loc":{"start":{"line":11,"column":50},"end":{"line":13,"column":1}},"line":11},"1":{"name":"(anonymous_1)","decl":{"start":{"line":15,"column":23},"end":{"line":15,"column":24}},"loc":{"start":{"line":15,"column":33},"end":{"line":18,"column":1}},"line":15},"2":{"name":"(anonymous_2)","decl":{"start":{"line":16,"column":26},"end":{"line":16,"column":27}},"loc":{"start":{"line":16,"column":36},"end":{"line":16,"column":65}},"line":16}},"branchMap":{"0":{"loc":{"start":{"line":11,"column":36},"end":{"line":11,"column":45}},"type":"default-arg","locations":[{"start":{"line":11,"column":44},"end":{"line":11,"column":45}}],"line":11},"1":{"loc":{"start":{"line":12,"column":10},"end":{"line":12,"column":53}},"type":"binary-expr","locations":[{"start":{"line":12,"column":10},"end":{"line":12,"column":33}},{"start":{"line":12,"column":37},"end":{"line":12,"column":53}}],"line":12}},"s":{"0":1,"1":1,"2":72,"3":1,"4":4,"5":16,"6":4},"f":{"0":72,"1":4,"2":16},"b":{"0":[0],"1":[72,40]},"_coverageSchema":"1a1c01bbd47fc00a2c39e90264f33305004495a9","hash":"c39e5b990b14338ad5965ec8a88e1bab2836dc89"}
,"/home/user/vscode/hexlet-project2/frontend-project-46/src/format/formatters/stylish/utils.js": {"path":"/home/user/vscode/hexlet-project2/frontend-project-46/src/format/formatters/stylish/utils.js","statementMap":{"0":{"start":{"line":4,"column":23},"end":{"line":9,"column":1}},"1":{"start":{"line":11,"column":12},"end":{"line":11,"column":15}},"2":{"start":{"line":12,"column":21},"end":{"line":12,"column":22}},"3":{"start":{"line":13,"column":19},"end":{"line":13,"column":20}},"4":{"start":{"line":15,"column":26},"end":{"line":15,"column":84}},"5":{"start":{"line":15,"column":37},"end":{"line":15,"column":84}},"6":{"start":{"line":17,"column":25},"end":{"line":26,"column":1}},"7":{"start":{"line":18,"column":2},"end":{"line":20,"column":3}},"8":{"start":{"line":19,"column":4},"end":{"line":19,"column":17}},"9":{"start":{"line":22,"column":15},"end":{"line":24,"column":3}},"10":{"start":{"line":23,"column":13},"end":{"line":23,"column":84}},"11":{"start":{"line":25,"column":2},"end":{"line":25,"column":58}}},"fnMap":{"0":{"name":"(anonymous_0)","decl":{"start":{"line":15,"column":26},"end":{"line":15,"column":27}},"loc":{"start":{"line":15,"column":37},"end":{"line":15,"column":84}},"line":15},"1":{"name":"(anonymous_1)","decl":{"start":{"line":17,"column":25},"end":{"line":17,"column":26}},"loc":{"start":{"line":17,"column":47},"end":{"line":26,"column":1}},"line":17},"2":{"name":"(anonymous_2)","decl":{"start":{"line":23,"column":4},"end":{"line":23,"column":5}},"loc":{"start":{"line":23,"column":13},"end":{"line":23,"column":84}},"line":23}},"branchMap":{"0":{"loc":{"start":{"line":17,"column":33},"end":{"line":17,"column":42}},"type":"default-arg","locations":[{"start":{"line":17,"column":41},"end":{"line":17,"column":42}}],"line":17},"1":{"loc":{"start":{"line":18,"column":2},"end":{"line":20,"column":3}},"type":"if","locations":[{"start":{"line":18,"column":2},"end":{"line":20,"column":3}},{"start":{},"end":{}}],"line":18}},"s":{"0":1,"1":1,"2":1,"3":1,"4":1,"5":168,"6":1,"7":108,"8":80,"9":28,"10":36,"11":28},"f":{"0":168,"1":108,"2":36},"b":{"0":[0],"1":[80,28]},"_coverageSchema":"1a1c01bbd47fc00a2c39e90264f33305004495a9","hash":"defa821bca75258bdd5a1313d15f60105074bd13"}
,"/home/user/vscode/hexlet-project2/frontend-project-46/src/format/formatters/stylish/nodes/changed.js": {"path":"/home/user/vscode/hexlet-project2/frontend-project-46/src/format/formatters/stylish/nodes/changed.js","statementMap":{"0":{"start":{"line":4,"column":33},"end":{"line":11,"column":1}},"1":{"start":{"line":5,"column":17},"end":{"line":5,"column":46}},"2":{"start":{"line":6,"column":17},"end":{"line":6,"column":45}},"3":{"start":{"line":7,"column":23},"end":{"line":7,"column":81}},"4":{"start":{"line":8,"column":21},"end":{"line":8,"column":77}},"5":{"start":{"line":10,"column":2},"end":{"line":10,"column":42}}},"fnMap":{"0":{"name":"(anonymous_0)","decl":{"start":{"line":4,"column":33},"end":{"line":4,"column":34}},"loc":{"start":{"line":4,"column":87},"end":{"line":11,"column":1}},"line":4}},"branchMap":{},"s":{"0":1,"1":16,"2":16,"3":16,"4":16,"5":16},"f":{"0":16},"b":{},"_coverageSchema":"1a1c01bbd47fc00a2c39e90264f33305004495a9","hash":"b173ea9c6683aaa6c80cd73e12b03c097c5f4969"}
,"/home/user/vscode/hexlet-project2/frontend-project-46/src/format/formatters/stylish/nodes/common.js": {"path":"/home/user/vscode/hexlet-project2/frontend-project-46/src/format/formatters/stylish/nodes/common.js","statementMap":{"0":{"start":{"line":4,"column":32},"end":{"line":6,"column":1}},"1":{"start":{"line":5,"column":2},"end":{"line":5,"column":83}}},"fnMap":{"0":{"name":"(anonymous_0)","decl":{"start":{"line":4,"column":32},"end":{"line":4,"column":33}},"loc":{"start":{"line":4,"column":74},"end":{"line":6,"column":1}},"line":4}},"branchMap":{},"s":{"0":1,"1":40},"f":{"0":40},"b":{},"_coverageSchema":"1a1c01bbd47fc00a2c39e90264f33305004495a9","hash":"974f73196cc3ffaec6b5b4a127b90b1635f64feb"}
,"/home/user/vscode/hexlet-project2/frontend-project-46/src/format/formatters/stylish/nodes/nested.js": {"path":"/home/user/vscode/hexlet-project2/frontend-project-46/src/format/formatters/stylish/nodes/nested.js","statementMap":{"0":{"start":{"line":4,"column":32},"end":{"line":7,"column":1}},"1":{"start":{"line":5,"column":15},"end":{"line":5,"column":64}},"2":{"start":{"line":5,"column":39},"end":{"line":5,"column":63}},"3":{"start":{"line":6,"column":2},"end":{"line":6,"column":88}}},"fnMap":{"0":{"name":"(anonymous_0)","decl":{"start":{"line":4,"column":32},"end":{"line":4,"column":33}},"loc":{"start":{"line":4,"column":70},"end":{"line":7,"column":1}},"line":4},"1":{"name":"(anonymous_1)","decl":{"start":{"line":5,"column":28},"end":{"line":5,"column":29}},"loc":{"start":{"line":5,"column":39},"end":{"line":5,"column":63}},"line":5}},"branchMap":{},"s":{"0":1,"1":16,"2":56,"3":16},"f":{"0":16,"1":56},"b":{},"_coverageSchema":"1a1c01bbd47fc00a2c39e90264f33305004495a9","hash":"4341e843a4d4c26d3351f2293bf50e6825ac0901"}
}
