TN:
SF:src/index.js
FN:10,(anonymous_0)
FN:12,(anonymous_1)
FNF:2
FNH:2
FNDA:16,(anonymous_0)
FNDA:8,(anonymous_1)
DA:10,16
DA:12,1
DA:13,8
DA:18,8
LF:4
LH:4
BRDA:12,0,0,0
BRDA:18,1,0,8
BRDA:18,1,1,2
BRF:3
BRH:2
end_of_record
TN:
SF:src/parser.js
FN:5,(anonymous_0)
FNF:1
FNH:1
FNDA:16,(anonymous_0)
DA:4,1
DA:5,16
LF:2
LH:2
BRF:0
BRH:0
end_of_record
TN:
SF:src/ast/builder.js
FN:15,(anonymous_0)
FN:17,(anonymous_1)
FN:17,(anonymous_2)
FNF:3
FNH:3
FNDA:40,(anonymous_0)
FNDA:40,(anonymous_1)
FNDA:144,(anonymous_2)
DA:8,1
DA:15,40
DA:17,40
DA:18,144
DA:19,384
DA:20,120
DA:24,24
LF:7
LH:7
BRDA:19,0,0,120
BRDA:19,0,1,264
BRF:2
BRH:2
end_of_record
TN:
SF:src/ast/checkers/added.js
FN:3,(anonymous_0)
FN:5,(anonymous_1)
FNF:2
FNH:2
FNDA:112,(anonymous_0)
FNDA:40,(anonymous_1)
DA:3,112
DA:5,40
LF:2
LH:2
BRF:0
BRH:0
end_of_record
TN:
SF:src/ast/checkers/changed.js
FN:1,(anonymous_0)
FN:3,(anonymous_1)
FNF:2
FNH:2
FNDA:56,(anonymous_0)
FNDA:32,(anonymous_1)
DA:1,56
DA:3,32
LF:2
LH:2
BRF:0
BRH:0
end_of_record
TN:
SF:src/ast/checkers/nested.js
FN:3,(anonymous_0)
FN:5,(anonymous_1)
FNF:2
FNH:2
FNDA:144,(anonymous_0)
FNDA:32,(anonymous_1)
DA:3,144
DA:5,32
LF:2
LH:2
BRDA:3,0,0,144
BRDA:3,0,1,48
BRF:2
BRH:2
end_of_record
TN:
SF:src/ast/checkers/removed.js
FN:3,(anonymous_0)
FN:5,(anonymous_1)
FNF:2
FNH:2
FNDA:72,(anonymous_0)
FNDA:16,(anonymous_1)
DA:3,72
DA:5,16
LF:2
LH:2
BRF:0
BRH:0
end_of_record
TN:
SF:src/format/format.js
FN:6,(anonymous_0)
FNF:1
FNH:1
FNDA:8,(anonymous_0)
DA:5,1
DA:6,8
LF:2
LH:2
BRF:0
BRH:0
end_of_record
TN:
SF:src/format/formatters/plain/plain.js
FN:12,(anonymous_0)
FN:15,(anonymous_1)
FN:20,(anonymous_2)
FN:21,(anonymous_3)
FN:22,(anonymous_4)
FNF:5
FNH:5
FNDA:6,(anonymous_0)
FNDA:36,(anonymous_1)
FNDA:2,(anonymous_2)
FNDA:8,(anonymous_3)
FNDA:8,(anonymous_4)
DA:7,1
DA:12,6
DA:15,1
DA:16,36
DA:17,36
DA:20,1
DA:21,8
DA:22,8
DA:23,2
LF:9
LH:9
BRDA:15,0,0,8
BRF:1
BRH:1
end_of_record
TN:
SF:src/format/formatters/plain/utils.js
FN:4,(anonymous_0)
FNF:1
FNH:1
FNDA:26,(anonymous_0)
DA:4,1
DA:5,26
DA:6,6
DA:9,20
LF:4
LH:4
BRDA:5,0,0,6
BRDA:5,0,1,20
BRDA:9,1,0,14
BRDA:9,1,1,6
BRF:4
BRH:4
end_of_record
TN:
SF:src/format/formatters/plain/nodes/added.js
FN:4,(anonymous_0)
FNF:1
FNH:1
FNDA:10,(anonymous_0)
DA:4,1
DA:5,10
DA:6,10
LF:3
LH:3
BRF:0
BRH:0
end_of_record
TN:
SF:src/format/formatters/plain/nodes/changed.js
FN:4,(anonymous_0)
FNF:1
FNH:1
FNDA:8,(anonymous_0)
DA:4,1
DA:5,8
LF:2
LH:2
BRF:0
BRH:0
end_of_record
TN:
SF:src/format/formatters/plain/nodes/nested.js
FN:2,(anonymous_0)
FN:3,(anonymous_1)
FN:4,(anonymous_2)
FNF:3
FNH:3
FNDA:8,(anonymous_0)
FNDA:28,(anonymous_1)
FNDA:28,(anonymous_2)
DA:2,1
DA:3,28
DA:4,28
LF:3
LH:3
BRF:0
BRH:0
end_of_record
TN:
SF:src/format/formatters/plain/nodes/removed.js
FN:2,(anonymous_0)
FNF:1
FNH:1
FNDA:4,(anonymous_0)
DA:2,4
LF:1
LH:1
BRF:0
BRH:0
end_of_record
TN:
SF:src/format/formatters/stylish/stylish.js
FN:11,(anonymous_0)
FN:15,(anonymous_1)
FN:16,(anonymous_2)
FNF:3
FNH:3
FNDA:72,(anonymous_0)
FNDA:4,(anonymous_1)
FNDA:16,(anonymous_2)
DA:6,1
DA:11,1
DA:12,72
DA:15,1
DA:16,16
DA:17,4
LF:6
LH:6
BRDA:11,0,0,0
BRDA:12,1,0,72
BRDA:12,1,1,40
BRF:3
BRH:2
end_of_record
TN:
SF:src/format/formatters/stylish/utils.js
FN:15,(anonymous_0)
FN:17,(anonymous_1)
FN:23,(anonymous_2)
FNF:3
FNH:3
FNDA:168,(anonymous_0)
FNDA:108,(anonymous_1)
FNDA:36,(anonymous_2)
DA:4,1
DA:11,1
DA:12,1
DA:13,1
DA:15,168
DA:17,1
DA:18,108
DA:19,80
DA:22,28
DA:23,36
DA:25,28
LF:11
LH:11
BRDA:17,0,0,0
BRDA:18,1,0,80
BRDA:18,1,1,28
BRF:3
BRH:2
end_of_record
TN:
SF:src/format/formatters/stylish/nodes/changed.js
FN:4,(anonymous_0)
FNF:1
FNH:1
FNDA:16,(anonymous_0)
DA:4,1
DA:5,16
DA:6,16
DA:7,16
DA:8,16
DA:10,16
LF:6
LH:6
BRF:0
BRH:0
end_of_record
TN:
SF:src/format/formatters/stylish/nodes/common.js
FN:4,(anonymous_0)
FNF:1
FNH:1
FNDA:40,(anonymous_0)
DA:4,1
DA:5,40
LF:2
LH:2
BRF:0
BRH:0
end_of_record
TN:
SF:src/format/formatters/stylish/nodes/nested.js
FN:4,(anonymous_0)
FN:5,(anonymous_1)
FNF:2
FNH:2
FNDA:16,(anonymous_0)
FNDA:56,(anonymous_1)
DA:4,1
DA:5,56
DA:6,16
LF:3
LH:3
BRF:0
BRH:0
end_of_record
