TN:
SF:src/buildAST.js
FN:4,createUniqueKeys
FN:9,buildAST
FN:57,default
FNF:3
FNH:3
FNDA:40,createUniqueKeys
FNDA:40,buildAST
FNDA:8,default
DA:1,1
DA:2,1
DA:3,1
DA:4,1
DA:5,40
DA:6,40
DA:7,40
DA:8,1
DA:9,1
DA:10,40
DA:11,40
DA:12,40
DA:13,40
DA:14,144
DA:15,32
DA:16,32
DA:17,32
DA:18,32
DA:19,32
DA:20,32
DA:21,112
DA:22,144
DA:23,40
DA:24,40
DA:25,40
DA:26,40
DA:27,40
DA:28,40
DA:29,72
DA:30,144
DA:31,16
DA:32,16
DA:33,16
DA:34,16
DA:35,16
DA:36,16
DA:37,56
DA:38,144
DA:39,32
DA:40,32
DA:41,32
DA:42,32
DA:43,32
DA:44,32
DA:45,32
DA:46,24
DA:47,24
DA:48,24
DA:49,24
DA:50,24
DA:51,24
DA:52,40
DA:53,40
DA:54,40
DA:55,40
DA:56,1
DA:57,1
LF:57
LH:57
BRDA:4,0,0,40
BRDA:9,1,0,40
BRDA:13,2,0,144
BRDA:14,3,0,48
BRDA:14,4,0,32
BRDA:20,5,0,112
BRDA:22,6,0,40
BRDA:28,7,0,72
BRDA:30,8,0,16
BRDA:36,9,0,56
BRDA:38,10,0,32
BRDA:45,11,0,24
BRDA:57,12,0,8
BRF:13
BRH:13
end_of_record
TN:
SF:src/index.js
FN:10,getFormat
FN:12,default
FNF:2
FNH:2
FNDA:16,getFormat
FNDA:8,default
DA:1,1
DA:2,1
DA:3,1
DA:4,1
DA:5,1
DA:6,1
DA:7,1
DA:8,1
DA:9,1
DA:10,1
DA:11,1
DA:12,1
DA:13,8
DA:14,8
DA:15,8
DA:16,8
DA:17,8
DA:18,8
DA:19,8
LF:19
LH:19
BRDA:10,0,0,16
BRDA:12,1,0,8
BRDA:18,2,0,2
BRF:3
BRH:3
end_of_record
TN:
SF:src/parser.js
FN:4,default
FNF:1
FNH:1
FNDA:16,default
DA:1,1
DA:2,1
DA:3,1
DA:4,1
LF:4
LH:4
BRDA:4,0,0,16
BRDA:4,1,0,8
BRDA:4,2,0,8
BRF:3
BRH:3
end_of_record
TN:
SF:src/formatters/index.js
FN:11,default
FNF:1
FNH:1
FNDA:8,default
DA:1,1
DA:2,1
DA:3,1
DA:4,1
DA:5,1
DA:6,1
DA:7,1
DA:8,1
DA:9,1
DA:10,1
DA:11,1
DA:12,8
DA:13,8
LF:13
LH:13
BRDA:11,0,0,8
BRF:1
BRH:1
end_of_record
TN:
SF:src/formatters/plain.js
FN:4,getSentencesForAddedValue
FN:8,getSentencesForRemovedValue
FN:12,getSentencesForChangedValue
FN:16,stringify
FN:24,getPlaiTreeFormat
FN:53,default
FNF:6
FNH:6
FNDA:10,getSentencesForAddedValue
FNDA:4,getSentencesForRemovedValue
FNDA:8,getSentencesForChangedValue
FNDA:26,stringify
FNDA:36,getPlaiTreeFormat
FNDA:2,default
DA:1,1
DA:2,1
DA:3,1
DA:4,1
DA:5,10
DA:6,10
DA:7,1
DA:8,1
DA:9,4
DA:10,4
DA:11,1
DA:12,1
DA:13,8
DA:14,8
DA:15,1
DA:16,1
DA:17,26
DA:18,6
DA:19,6
DA:20,20
DA:21,26
DA:22,26
DA:23,1
DA:24,1
DA:25,36
DA:26,36
DA:27,36
DA:28,36
DA:29,10
DA:30,10
DA:31,36
DA:32,36
DA:33,4
DA:34,36
DA:35,36
DA:36,6
DA:37,36
DA:38,36
DA:39,8
DA:40,8
DA:41,8
DA:42,36
DA:43,36
DA:44,8
DA:45,8
DA:46,8
DA:47,36
DA:48,36
DA:49,0
DA:50,36
DA:51,0
DA:52,1
DA:53,1
DA:54,2
DA:55,2
DA:56,2
DA:57,2
LF:57
LH:55
BRDA:4,0,0,10
BRDA:8,1,0,4
BRDA:12,2,0,8
BRDA:16,3,0,26
BRDA:17,4,0,6
BRDA:19,5,0,20
BRDA:21,6,0,14
BRDA:21,7,0,6
BRDA:24,8,0,36
BRDA:28,9,0,10
BRDA:32,10,0,4
BRDA:35,11,0,6
BRDA:38,12,0,8
BRDA:43,13,0,8
BRDA:48,14,0,0
BRDA:50,15,0,0
BRDA:45,16,0,28
BRDA:46,17,0,28
BRDA:53,18,0,2
BRDA:54,19,0,8
BRDA:55,20,0,8
BRF:21
BRH:19
end_of_record
TN:
SF:src/formatters/stylish.js
FN:15,makeIndent
FN:17,getKeys
FN:23,stringify
FN:33,getValueForChangedType
FN:39,getValueForNestedType
FN:43,getStylishTreeFormat
FN:66,default
FNF:7
FNH:7
FNDA:168,makeIndent
FNDA:28,getKeys
FNDA:108,stringify
FNDA:16,getValueForChangedType
FNDA:16,getValueForNestedType
FNDA:72,getStylishTreeFormat
FNDA:4,default
DA:1,1
DA:2,1
DA:3,1
DA:4,1
DA:5,1
DA:6,1
DA:7,1
DA:8,1
DA:9,1
DA:10,1
DA:11,1
DA:12,1
DA:13,1
DA:14,1
DA:15,1
DA:16,1
DA:17,1
DA:18,28
DA:19,28
DA:20,28
DA:21,28
DA:22,1
DA:23,1
DA:24,108
DA:25,80
DA:26,80
DA:27,28
DA:28,28
DA:29,28
DA:30,28
DA:31,28
DA:32,1
DA:33,1
DA:34,16
DA:35,16
DA:36,16
DA:37,16
DA:38,1
DA:39,1
DA:40,16
DA:41,16
DA:42,1
DA:43,1
DA:44,72
DA:45,72
DA:46,72
DA:47,72
DA:48,16
DA:49,16
DA:50,16
DA:51,72
DA:52,72
DA:53,16
DA:54,16
DA:55,16
DA:56,72
DA:57,72
DA:58,72
DA:59,72
DA:60,40
DA:61,72
DA:62,72
DA:63,0
DA:64,72
DA:65,0
DA:66,1
DA:67,4
DA:68,4
DA:69,4
LF:69
LH:67
BRDA:15,0,0,168
BRDA:17,1,0,28
BRDA:19,2,0,36
BRDA:23,3,0,108
BRDA:24,4,0,80
BRDA:26,5,0,28
BRDA:33,6,0,16
BRDA:39,7,0,16
BRDA:43,8,0,72
BRDA:47,9,0,16
BRDA:52,10,0,16
BRDA:57,11,0,20
BRDA:58,12,0,28
BRDA:59,13,0,40
BRDA:62,14,0,0
BRDA:64,15,0,0
BRDA:49,16,0,56
BRDA:66,17,0,4
BRDA:67,18,0,16
BRF:19
BRH:17
end_of_record
